Arguments: 
  /Users/michael.zhang/.nvm/versions/node/v16.14.2/bin/node /Users/michael.zhang/.nvm/versions/node/v16.14.2/bin/yarn --no-bin-links --production

PATH: 
  /Users/michael.zhang/.gvm/pkgsets/go1.18/global/bin:/Users/michael.zhang/.gvm/gos/go1.18/bin:/Users/michael.zhang/.gvm/pkgsets/go1.18/global/overlay/bin:/Users/michael.zhang/.gvm/bin:/Users/michael.zhang/.gvm/bin:/opt/homebrew/anaconda3/bin:/opt/homebrew/anaconda3/condabin:/Users/michael.zhang/.nvm/versions/node/v16.14.2/bin:/Applications/Sublime Text.app/Contents/SharedSupport/bin:/Users/michael.zhang/.rvm/gems/ruby-3.0.0/bin:/Users/michael.zhang/.rvm/gems/ruby-3.0.0@global/bin:/Users/michael.zhang/.rvm/rubies/ruby-3.0.0/bin:/opt/homebrew/bin:/opt/homebrew/sbin:/usr/local/bin:/System/Cryptexes/App/usr/bin:/usr/bin:/bin:/usr/sbin:/sbin:/usr/local/go/bin:/Users/michael.zhang/.cargo/bin:/Users/michael.zhang/.rvm/bin:/Users/michael.zhang/.rvm/bin:/Users/michael.zhang/go/bin:/opt/homebrew/anaconda3/bin:/Users/michael.zhang/.rvm/bin

Yarn version: 
  1.22.19

Node version: 
  16.14.2

Platform: 
  darwin arm64

Trace: 
  Error: getaddrinfo ENOTFOUND bnpm.byted.org
      at GetAddrInfoReqWrap.onlookup [as oncomplete] (node:dns:71:26)

npm manifest: 
  {
    "name": "parsewebsitetitle",
    "version": "2.0.0",
    "description": "Lambda function generated by Amplify",
    "main": "index.js",
    "license": "Apache-2.0",
    "devDependencies": {
      "@types/aws-lambda": "^8.10.92"
    }
  }

yarn manifest: 
  No manifest

Lockfile: 
  No lockfile
